Chef Mark is preparing order: {'customer_name': 'Alicia Travis', 'customer_address': '3861 Holland Camp Apt. 861\nCannonland, NE 82047', 'pizza_size': 'Medium', 'toppings': ['Sausage', 'Mushrooms', 'Black Olives', 'Green Peppers'], 'quantity': 5}
Chef James is preparing order: {'customer_name': 'Caitlin Payne', 'customer_address': '4102 Hines Fords\nMarkland, AZ 12180', 'pizza_size': 'Medium', 'toppings': ['Onions', 'Mushrooms', 'Bacon', 'Extra Cheese'], 'quantity': 4}
Chef Amanda is preparing order: {'customer_name': 'Karina Robertson MD', 'customer_address': '18328 Browning Overpass\nSouth Laurentown, OK 08097', 'pizza_size': 'Large', 'toppings': ['Bacon', 'Mushrooms'], 'quantity': 2}
Chef Samuel is preparing order: {'customer_name': 'Kathryn Flores', 'customer_address': '431 Margaret Plain\nElizabethfort, WA 50952', 'pizza_size': 'Large', 'toppings': ['Extra Cheese', 'Sausage', 'Pepperoni', 'Green Peppers'], 'quantity': 2}
Chef Vanessa is preparing order: {'customer_name': 'Brittany Rowe', 'customer_address': '9768 Humphrey Pine Suite 591\nShannonfort, DC 19750', 'pizza_size': 'Small', 'toppings': ['Green Peppers', 'Pepperoni', 'Sausage', 'Bacon'], 'quantity': 5}
Chef Keith is preparing order: {'customer_name': 'James Terry', 'customer_address': '3208 Martin Trace Suite 553\nJuanhaven, AZ 81545', 'pizza_size': 'Small', 'toppings': ['Onions', 'Extra Cheese', 'Black Olives', 'Mushrooms'], 'quantity': 1}
Chef Malik is preparing order: {'customer_name': 'Desiree Lamb', 'customer_address': '2141 Kurt Throughway\nLeeside, IA 32229', 'pizza_size': 'Large', 'toppings': ['Black Olives', 'Extra Cheese', 'Bacon', 'Onions', 'Sausage'], 'quantity': 5}
Chef Melissa is preparing order: {'customer_name': 'Kathleen Freeman', 'customer_address': '89181 Golden Well\nNorth Jocelyn, ID 80366', 'pizza_size': 'Small', 'toppings': ['Extra Cheese', 'Mushrooms', 'Bacon', 'Onions', 'Pepperoni'], 'quantity': 2}
Chef Crystal is preparing order: {'customer_name': 'James Alvarado', 'customer_address': '4441 Brian Gateway\nNorth Cindyshire, WY 68409', 'pizza_size': 'Large', 'toppings': ['Green Peppers', 'Pepperoni', 'Mushrooms', 'Onions', 'Bacon'], 'quantity': 4}
Chef Fernando is preparing order: {'customer_name': 'Jennifer Bell', 'customer_address': 'Unit 5704 Box 8105\nDPO AP 39748', 'pizza_size': 'Large', 'toppings': ['Onions', 'Sausage', 'Bacon'], 'quantity': 2}
Chef Peter is preparing order: {'customer_name': 'Larry Richard', 'customer_address': '3384 Jamie Views Apt. 203\nHannahhaven, NV 09752', 'pizza_size': 'Small', 'toppings': ['Pepperoni', 'Mushrooms', 'Bacon', 'Black Olives', 'Onions'], 'quantity': 4}
Chef David is preparing order: {'customer_name': 'Heather Ward', 'customer_address': '4733 Williamson River Suite 406\nEast Donnaside, NV 25049', 'pizza_size': 'Medium', 'toppings': ['Onions', 'Mushrooms', 'Bacon', 'Green Peppers'], 'quantity': 1}
Chef Linda is preparing order: {'customer_name': 'Jared Gates', 'customer_address': '840 Acosta Radial Apt. 726\nDaniellestad, WV 19515', 'pizza_size': 'Medium', 'toppings': ['Mushrooms', 'Green Peppers'], 'quantity': 1}
Chef Scott is preparing order: {'customer_name': 'Stacey Richards', 'customer_address': '2997 Davis Crescent Apt. 810\nLake Joebury, IN 34645', 'pizza_size': 'Medium', 'toppings': ['Pepperoni', 'Black Olives'], 'quantity': 2}
Chef Shannon is preparing order: {'customer_name': 'Suzanne Welch', 'customer_address': '49562 Angela Estate Suite 595\nLake Rogerstad, NV 10400', 'pizza_size': 'Medium', 'toppings': ['Extra Cheese', 'Pepperoni', 'Sausage'], 'quantity': 1}
Chef Kevin is preparing order: {'customer_name': 'Alexa Mcdonald', 'customer_address': '79968 Michael Radial\nBrianborough, AS 61842', 'pizza_size': 'Small', 'toppings': ['Onions', 'Bacon', 'Extra Cheese'], 'quantity': 1}
Chef Sarah is preparing order: {'customer_name': 'William Jackson', 'customer_address': 'Unit 1066 Box 1247\nDPO AP 74852', 'pizza_size': 'Large', 'toppings': ['Extra Cheese', 'Black Olives', 'Bacon'], 'quantity': 1}
Chef Linda is preparing order: {'customer_name': 'Kathleen Kane', 'customer_address': '578 Patterson Extensions\nBishopton, PA 75381', 'pizza_size': 'Medium', 'toppings': ['Extra Cheese', 'Black Olives', 'Sausage', 'Bacon', 'Onions'], 'quantity': 1}
Chef Shane is preparing order: {'customer_name': 'Stephanie Owens', 'customer_address': '9767 Miller Gateway\nChristinefurt, UT 54488', 'pizza_size': 'Small', 'toppings': ['Mushrooms', 'Green Peppers', 'Black Olives', 'Extra Cheese'], 'quantity': 3}
Chef Rhonda is preparing order: {'customer_name': 'Logan Romero', 'customer_address': '69577 Barker Drive Suite 305\nBarbaraburgh, RI 20187', 'pizza_size': 'Large', 'toppings': ['Extra Cheese', 'Mushrooms', 'Sausage'], 'quantity': 5}
Chef Steve is preparing order: {'customer_name': 'Jill Schroeder', 'customer_address': '8285 Chad Points Apt. 393\nJerrystad, MP 98582', 'pizza_size': 'Medium', 'toppings': ['Mushrooms', 'Onions', 'Bacon', 'Black Olives', 'Green Peppers'], 'quantity': 3}
Chef Eduardo is preparing order: {'customer_name': 'Jennifer Bailey', 'customer_address': '386 Richard Shoal Apt. 677\nTracymouth, IA 25582', 'pizza_size': 'Large', 'toppings': ['Black Olives', 'Green Peppers'], 'quantity': 2}
Chef Michael is preparing order: {'customer_name': 'Daniel Hill', 'customer_address': '194 Jerry Flats\nSouth Alexanderburgh, GU 72013', 'pizza_size': 'Small', 'toppings': ['Black Olives', 'Onions', 'Sausage'], 'quantity': 3}
Chef Kevin is preparing order: {'customer_name': 'Tammy Rivera', 'customer_address': '807 Torres Road\nWest Elizabethmouth, UT 78918', 'pizza_size': 'Medium', 'toppings': ['Black Olives', 'Onions', 'Bacon', 'Pepperoni'], 'quantity': 4}
Chef Wanda is preparing order: {'customer_name': 'Carl Smith', 'customer_address': '78140 Hardy Path Apt. 118\nBaileyville, AR 10938', 'pizza_size': 'Medium', 'toppings': ['Extra Cheese', 'Bacon'], 'quantity': 4}
Chef Tracy is preparing order: {'customer_name': 'Shannon Rowland', 'customer_address': '344 Nelson Flat\nMichaelmouth, SD 46667', 'pizza_size': 'Medium', 'toppings': ['Black Olives', 'Sausage'], 'quantity': 5}
Chef Tiffany is preparing order: {'customer_name': 'Darryl Garrett', 'customer_address': '3854 Jeffery Viaduct\nRickybury, AL 14452', 'pizza_size': 'Large', 'toppings': ['Black Olives', 'Extra Cheese', 'Green Peppers', 'Onions'], 'quantity': 4}
Chef Jennifer is preparing order: {'customer_name': 'Alicia Knight', 'customer_address': '19868 Aaron Lights\nMccarthyton, CA 62330', 'pizza_size': 'Small', 'toppings': ['Bacon', 'Pepperoni', 'Onions', 'Green Peppers', 'Sausage'], 'quantity': 5}
Chef Stacy is preparing order: {'customer_name': 'Mitchell Harrington', 'customer_address': 'PSC 3384, Box 1393\nAPO AP 09732', 'pizza_size': 'Large', 'toppings': ['Mushrooms', 'Bacon', 'Pepperoni', 'Onions', 'Black Olives'], 'quantity': 4}
Chef Danielle is preparing order: {'customer_name': 'Regina Simpson', 'customer_address': '7130 Wilson Plain\nNew Karenport, IL 61907', 'pizza_size': 'Large', 'toppings': ['Pepperoni', 'Extra Cheese', 'Onions', 'Green Peppers'], 'quantity': 1}
Chef Sonya is preparing order: {'customer_name': 'Alexander Reilly', 'customer_address': '0226 Joshua Mountains\nNorth Janet, HI 55594', 'pizza_size': 'Large', 'toppings': ['Extra Cheese', 'Black Olives', 'Pepperoni', 'Bacon'], 'quantity': 4}
Chef Bradley is preparing order: {'customer_name': 'Elizabeth Crawford', 'customer_address': '20361 Rose Place Apt. 511\nMarkside, MA 98764', 'pizza_size': 'Small', 'toppings': ['Extra Cheese', 'Black Olives'], 'quantity': 3}
Chef Amanda is preparing order: {'customer_name': 'Terri Herring', 'customer_address': '7348 Richmond Island Suite 984\nCrosbyfort, CO 86255', 'pizza_size': 'Large', 'toppings': ['Mushrooms', 'Black Olives', 'Green Peppers', 'Bacon'], 'quantity': 1}
Chef Danielle is preparing order: {'customer_name': 'Heather Mendoza', 'customer_address': '34351 Brandi Common\nFrederickville, NC 91644', 'pizza_size': 'Large', 'toppings': ['Pepperoni', 'Green Peppers', 'Black Olives'], 'quantity': 5}
Chef Sarah is preparing order: {'customer_name': 'Kyle Gonzalez', 'customer_address': '4993 Jackson Knolls\nLaurentown, PA 50462', 'pizza_size': 'Small', 'toppings': ['Extra Cheese', 'Mushrooms', 'Onions'], 'quantity': 5}
Chef Justin is preparing order: {'customer_name': 'Matthew Davies', 'customer_address': '8369 Hernandez Glens\nPort Michaelburgh, MT 90256', 'pizza_size': 'Medium', 'toppings': ['Mushrooms', 'Black Olives', 'Pepperoni', 'Extra Cheese'], 'quantity': 5}
Chef Jodi is preparing order: {'customer_name': 'Alyssa Anderson', 'customer_address': '41580 Leonard Track\nPhillipsfurt, CA 96909', 'pizza_size': 'Small', 'toppings': ['Onions', 'Green Peppers', 'Black Olives', 'Pepperoni', 'Extra Cheese'], 'quantity': 1}
Chef Jessica is preparing order: {'customer_name': 'Michael Young', 'customer_address': '2925 Booth Rest\nWest Gregoryside, NV 99860', 'pizza_size': 'Small', 'toppings': ['Sausage', 'Extra Cheese', 'Pepperoni', 'Onions', 'Mushrooms'], 'quantity': 2}
Chef George is preparing order: {'customer_name': 'Victoria Moran', 'customer_address': '870 Patrick Run Apt. 347\nPort Erikastad, VI 78383', 'pizza_size': 'Medium', 'toppings': ['Mushrooms', 'Green Peppers', 'Black Olives', 'Onions', 'Pepperoni'], 'quantity': 5}
Chef Cheryl is preparing order: {'customer_name': 'Katherine Mcdonald', 'customer_address': '778 Steven Hills Apt. 004\nEast Marciaton, MO 49359', 'pizza_size': 'Medium', 'toppings': ['Pepperoni', 'Mushrooms', 'Bacon'], 'quantity': 1}
Chef Christine is preparing order: {'customer_name': 'Ricky Clark', 'customer_address': '632 Miller Trafficway\nPort Jamestown, MT 74002', 'pizza_size': 'Small', 'toppings': ['Bacon', 'Pepperoni', 'Extra Cheese', 'Green Peppers', 'Onions'], 'quantity': 1}
Chef Christy is preparing order: {'customer_name': 'Ms. Casey Warner', 'customer_address': 'USS Miller\nFPO AE 51067', 'pizza_size': 'Small', 'toppings': ['Onions', 'Green Peppers'], 'quantity': 1}
Chef Bradley is preparing order: {'customer_name': 'Roy Thomas', 'customer_address': '35674 Williams Spur\nBrianside, LA 18712', 'pizza_size': 'Medium', 'toppings': ['Pepperoni', 'Black Olives'], 'quantity': 4}
Chef Trevor is preparing order: {'customer_name': 'David Johnson', 'customer_address': 'Unit 7005 Box 6932\nDPO AP 82593', 'pizza_size': 'Large', 'toppings': ['Sausage', 'Black Olives', 'Pepperoni'], 'quantity': 4}
Chef Courtney is preparing order: {'customer_name': 'Laura Holt', 'customer_address': '4249 Thomas Locks\nPort Vanessa, KS 42285', 'pizza_size': 'Small', 'toppings': ['Onions', 'Black Olives', 'Bacon', 'Pepperoni'], 'quantity': 1}
Chef Zachary is preparing order: {'customer_name': 'Jennifer Nelson', 'customer_address': 'PSC 9618, Box 1542\nAPO AA 31952', 'pizza_size': 'Medium', 'toppings': ['Black Olives', 'Bacon'], 'quantity': 1}
Chef Gregory is preparing order: {'customer_name': 'Jeremy Lewis', 'customer_address': 'PSC 6304, Box 2218\nAPO AA 14694', 'pizza_size': 'Medium', 'toppings': ['Bacon', 'Mushrooms', 'Pepperoni', 'Green Peppers', 'Extra Cheese'], 'quantity': 3}
Chef Alyssa is preparing order: {'customer_name': 'Jose Davidson', 'customer_address': '36047 Dylan Mission Apt. 719\nPort Feliciabury, NH 12202', 'pizza_size': 'Medium', 'toppings': ['Pepperoni', 'Bacon'], 'quantity': 5}
Chef Jennifer is preparing order: {'customer_name': 'Victor Mejia', 'customer_address': '8244 Crawford Rapid\nSouth Kaitlyn, MN 19335', 'pizza_size': 'Large', 'toppings': ['Extra Cheese', 'Green Peppers'], 'quantity': 3}
Chef Jeffrey is preparing order: {'customer_name': 'Christine Henderson', 'customer_address': '4098 Jeanette Union\nNguyenville, RI 52374', 'pizza_size': 'Large', 'toppings': ['Onions', 'Sausage'], 'quantity': 3}
Chef Bryan is preparing order: {'customer_name': 'Sergio Kidd', 'customer_address': '04698 Amanda Garden\nSouth Shelby, CO 95505', 'pizza_size': 'Small', 'toppings': ['Onions', 'Mushrooms', 'Green Peppers', 'Black Olives', 'Pepperoni'], 'quantity': 2}
Chef Jeffrey is preparing order: {'customer_name': 'Bradley Rodriguez', 'customer_address': '4888 Joseph Center\nEast Patricktown, AK 66718', 'pizza_size': 'Large', 'toppings': ['Pepperoni', 'Black Olives', 'Onions', 'Bacon'], 'quantity': 2}
Chef Kevin is preparing order: {'customer_name': 'Candace Green', 'customer_address': '538 Kelsey Plains\nNew Andrewmouth, PW 86053', 'pizza_size': 'Large', 'toppings': ['Onions', 'Bacon'], 'quantity': 3}
Chef Eric is preparing order: {'customer_name': 'Tammy Dean', 'customer_address': '993 Sarah Crescent Apt. 240\nNew Brenda, AZ 51094', 'pizza_size': 'Large', 'toppings': ['Pepperoni', 'Mushrooms', 'Onions', 'Sausage', 'Green Peppers'], 'quantity': 1}
Chef Juan is preparing order: {'customer_name': 'Kyle Garcia', 'customer_address': 'USNS Parker\nFPO AP 31359', 'pizza_size': 'Small', 'toppings': ['Black Olives', 'Green Peppers'], 'quantity': 5}
Chef Susan is preparing order: {'customer_name': 'Kristy Woods', 'customer_address': 'USNV Chavez\nFPO AE 58073', 'pizza_size': 'Medium', 'toppings': ['Bacon', 'Pepperoni', 'Black Olives', 'Green Peppers'], 'quantity': 5}
Chef Whitney is preparing order: {'customer_name': 'Brenda Berger', 'customer_address': '5913 Robinson Station Apt. 154\nPort Samuel, OH 15517', 'pizza_size': 'Small', 'toppings': ['Mushrooms', 'Black Olives'], 'quantity': 4}
Chef Tara is preparing order: {'customer_name': 'Johnathan Stone', 'customer_address': '978 Lewis Squares Apt. 101\nMariaville, MI 27327', 'pizza_size': 'Small', 'toppings': ['Black Olives', 'Extra Cheese', 'Onions'], 'quantity': 4}
Chef Nancy is preparing order: {'customer_name': 'Susan Powers', 'customer_address': '054 Lam Forks Suite 857\nMichaelshire, ID 13090', 'pizza_size': 'Medium', 'toppings': ['Sausage', 'Black Olives', 'Mushrooms', 'Onions', 'Extra Cheese'], 'quantity': 5}
Chef Deanna is preparing order: {'customer_name': 'Erin Jones', 'customer_address': '7227 Fuller Island Suite 481\nRonaldfurt, WA 81801', 'pizza_size': 'Large', 'toppings': ['Extra Cheese', 'Mushrooms', 'Onions', 'Sausage'], 'quantity': 4}
Chef Angela is preparing order: {'customer_name': 'Joshua Davis', 'customer_address': '471 Briggs Lakes\nManningmouth, TN 83389', 'pizza_size': 'Small', 'toppings': ['Mushrooms', 'Bacon', 'Onions', 'Black Olives', 'Extra Cheese'], 'quantity': 4}
Chef Sharon is preparing order: {'customer_name': 'Katherine Smith', 'customer_address': '19667 Jasmine Vista\nNguyenshire, GA 51614', 'pizza_size': 'Large', 'toppings': ['Pepperoni', 'Bacon'], 'quantity': 1}
Chef David is preparing order: {'customer_name': 'Nathan Sullivan', 'customer_address': '87600 Smith Mountains\nEast Charlesshire, TN 28881', 'pizza_size': 'Small', 'toppings': ['Black Olives', 'Onions', 'Green Peppers', 'Extra Cheese'], 'quantity': 4}
Chef Cynthia is preparing order: {'customer_name': 'Chelsea Compton', 'customer_address': 'Unit 2577 Box 8776\nDPO AE 81140', 'pizza_size': 'Small', 'toppings': ['Sausage', 'Mushrooms', 'Green Peppers'], 'quantity': 4}
Chef James is preparing order: {'customer_name': 'Pamela Young', 'customer_address': '9273 Cheryl Drive Suite 291\nEmilyside, VT 11247', 'pizza_size': 'Large', 'toppings': ['Pepperoni', 'Bacon', 'Black Olives', 'Onions', 'Mushrooms'], 'quantity': 1}
Chef Jason is preparing order: {'customer_name': 'Peter Martinez', 'customer_address': '0824 Burch Crossing Suite 860\nEast Katherinemouth, OR 94083', 'pizza_size': 'Large', 'toppings': ['Sausage', 'Extra Cheese', 'Green Peppers'], 'quantity': 2}
Chef Gordon is preparing order: {'customer_name': 'Ronald Williams', 'customer_address': '013 Luke Curve Apt. 623\nGeorgefort, MO 22827', 'pizza_size': 'Small', 'toppings': ['Black Olives', 'Extra Cheese', 'Onions', 'Green Peppers', 'Mushrooms'], 'quantity': 5}
Chef Nicole is preparing order: {'customer_name': 'Amber Roberts', 'customer_address': '60518 Yates Causeway Suite 540\nCatherinemouth, GA 10758', 'pizza_size': 'Large', 'toppings': ['Mushrooms', 'Extra Cheese'], 'quantity': 5}
Chef Russell is preparing order: {'customer_name': 'Dawn Freeman', 'customer_address': '90321 Mullins Meadows\nSouth David, UT 95224', 'pizza_size': 'Medium', 'toppings': ['Extra Cheese', 'Green Peppers', 'Black Olives', 'Bacon'], 'quantity': 5}
Chef Ryan is preparing order: {'customer_name': 'Ms. Jamie Clark', 'customer_address': '22892 David Ferry\nPort Haley, NC 28710', 'pizza_size': 'Medium', 'toppings': ['Mushrooms', 'Onions', 'Extra Cheese', 'Pepperoni', 'Green Peppers'], 'quantity': 4}
Chef Susan is preparing order: {'customer_name': 'Sheri Pineda', 'customer_address': '21823 Walter Village\nPort Leslie, DE 22588', 'pizza_size': 'Small', 'toppings': ['Black Olives', 'Onions', 'Extra Cheese', 'Sausage', 'Pepperoni'], 'quantity': 1}
